2024-03-07 21:03:56,834 [1] INFO - App starting..
2024-03-07 21:03:56,841 [1] INFO - Read ini setttings
2024-03-07 21:03:56,842 [1] INFO - Read json settings for static files
2024-03-07 21:03:56,946 [1] INFO - Start http server
2024-03-07 21:03:56,946 [1] INFO - Server url=http://localhost:8000/
2024-03-07 21:07:22,926 [1] INFO - App starting..
2024-03-07 21:07:22,934 [1] INFO - Read ini setttings
2024-03-07 21:07:22,935 [1] INFO - Read json settings for static files
2024-03-07 21:07:23,019 [1] INFO - Start http server
2024-03-07 21:07:23,019 [1] INFO - Server url=http://localhost:8000/
2024-03-07 21:54:02,225 [1] INFO - App starting..
2024-03-07 21:54:02,232 [1] INFO - Read ini setttings
2024-03-07 21:54:02,235 [1] INFO - Read json settings for static files
2024-03-07 21:54:02,324 [1] INFO - Start http server
2024-03-07 21:54:02,324 [1] INFO - Server url=http://localhost:8000/
2024-03-08 19:33:29,173 [1] INFO - App starting..
2024-03-08 19:33:29,180 [1] INFO - Read ini setttings
2024-03-08 19:33:29,181 [1] INFO - Read json settings for static files
2024-03-08 19:33:29,321 [1] INFO - Start http server
2024-03-08 19:33:29,321 [1] INFO - Server url=http://localhost:8000/
2024-03-08 19:34:45,257 [1] INFO - App starting..
2024-03-08 19:34:45,264 [1] INFO - Read ini setttings
2024-03-08 19:34:45,265 [1] INFO - Read json settings for static files
2024-03-08 19:34:45,356 [1] INFO - Start http server
2024-03-08 19:34:45,356 [1] INFO - Server url=http://localhost:8000/
2024-03-08 19:47:07,346 [1] INFO - App starting..
2024-03-08 19:47:07,352 [1] INFO - Read ini setttings
2024-03-08 19:47:07,352 [1] INFO - Read json settings for static files
2024-03-08 19:47:07,450 [1] INFO - Start http server
2024-03-08 19:47:07,450 [1] INFO - Server url=http://localhost:8000/
2024-03-08 19:52:25,309 [1] INFO - App starting..
2024-03-08 19:52:25,314 [1] INFO - App stopped with error. Check FS_Link.ini file
2024-03-08 19:52:29,365 [1] INFO - App starting..
2024-03-08 19:52:29,371 [1] INFO - App stopped with error. Check FS_Link.ini file
2024-03-08 19:53:07,284 [1] INFO - App starting..
2024-03-08 19:53:07,291 [1] INFO - App stopped with error. Check FS_Link.ini file
2024-03-08 19:53:09,425 [1] INFO - App starting..
2024-03-08 19:53:09,431 [1] INFO - App stopped with error. Check FS_Link.ini file
2024-03-08 19:53:21,363 [1] INFO - App starting..
2024-03-08 19:53:21,369 [1] INFO - Read ini setttings
2024-03-08 19:53:21,370 [1] INFO - Read json settings for static files
2024-03-08 19:53:21,463 [1] INFO - Start http server
2024-03-08 19:53:21,464 [1] INFO - Server url=http://localhost:8000/
2024-03-08 19:53:32,676 [1] INFO - App starting..
2024-03-08 19:53:32,682 [1] INFO - App stopped with error. Check FS_Link.ini file
2024-03-08 19:53:34,015 [1] INFO - App starting..
2024-03-08 19:53:34,022 [1] INFO - App stopped with error. Check FS_Link.ini file
2024-03-08 19:53:38,983 [1] INFO - App starting..
2024-03-08 19:53:38,990 [1] INFO - Read ini setttings
2024-03-08 19:53:38,991 [1] INFO - Read json settings for static files
2024-03-08 19:53:39,085 [1] INFO - Start http server
2024-03-08 19:53:39,085 [1] INFO - Server url=http://localhost:8000/
2024-03-08 19:54:28,005 [1] INFO - App starting..
2024-03-08 19:55:22,013 [1] INFO - App starting..
2024-03-08 19:55:25,119 [1] INFO - Read ini setttings
2024-03-08 19:55:25,120 [1] INFO - Read json settings for static files
2024-03-08 19:55:25,212 [1] INFO - Start http server
2024-03-08 19:55:25,212 [1] INFO - Server url=http://localhost:8000/
2024-03-08 19:57:46,245 [1] INFO - App starting..
2024-03-08 19:57:46,251 [1] INFO - Read ini setttings
2024-03-08 19:57:46,252 [1] INFO - Read json settings for static files
2024-03-08 19:57:46,341 [1] INFO - Start http server
2024-03-08 19:57:46,341 [1] INFO - Server url=http://localhost:8000/
2024-03-08 19:57:55,932 [1] INFO - App starting..
2024-03-08 19:57:55,939 [1] INFO - Read ini setttings
2024-03-08 19:57:55,940 [1] INFO - Read json settings for static files
2024-03-08 19:57:56,035 [1] INFO - Start http server
2024-03-08 19:57:56,035 [1] INFO - Server url=http://localhost:8000/
2024-03-08 19:58:25,757 [1] INFO - App starting..
2024-03-08 19:58:25,764 [1] INFO - Read ini setttings
2024-03-08 19:58:25,764 [1] INFO - Read json settings for static files
2024-03-08 19:58:25,863 [1] INFO - Start http server
2024-03-08 19:58:25,863 [1] INFO - Server url=http://localhost:8000/
2024-03-08 22:44:41,059 [1] INFO - App starting..
2024-03-08 22:44:41,065 [1] INFO - Read ini setttings
2024-03-08 22:44:41,066 [1] INFO - Read json settings for static files
2024-03-08 22:44:41,175 [1] INFO - Start http server
2024-03-08 22:44:41,175 [1] INFO - Server url=http://localhost:8000/
2024-03-09 21:50:43,163 [1] INFO - App starting..
2024-03-09 21:50:43,170 [1] INFO - Read ini setttings
2024-03-09 21:50:43,171 [1] INFO - Read json settings for static files
2024-03-09 21:50:43,310 [1] INFO - Start http server
2024-03-09 21:50:43,310 [1] INFO - Server url=http://localhost:8000/
2024-03-10 19:06:47,551 [1] INFO - App starting..
2024-03-10 19:06:47,558 [1] INFO - Read ini setttings
2024-03-10 19:06:47,559 [1] INFO - Read json settings for static files
2024-03-10 19:06:47,714 [1] INFO - Start http server
2024-03-10 19:06:47,715 [1] INFO - Server url=http://localhost:8000/
